<?xml version="1.0" encoding="UTF-8"?>
<testsuite name="UniNest.Backend.BackendApplicationTests" tests="1" skipped="0" failures="0" errors="0" timestamp="2026-01-16T20:03:32" hostname="LAPTOP-J27EJHB6" time="0.019">
  <properties/>
  <testcase name="contextLoads()" classname="UniNest.Backend.BackendApplicationTests" time="0.019"/>
  <system-out><![CDATA[Standard Commons Logging discovery in action with spring-jcl: please remove commons-logging.jar from classpath in order to avoid potential conflicts
20:03:26.936 [Test worker] INFO org.springframework.test.context.support.AnnotationConfigContextLoaderUtils -- Could not detect default configuration classes for test class [UniNest.Backend.BackendApplicationTests]: BackendApplicationTests does not declare any static, non-private, non-final, nested classes annotated with @Configuration.
20:03:27.154 [Test worker] INFO org.springframework.boot.test.context.SpringBootTestContextBootstrapper -- Found @SpringBootConfiguration UniNest.Backend.BackendApplication for test class UniNest.Backend.BackendApplicationTests

  .   ____          _            __ _ _
 /\\ / ___'_ __ _ _(_)_ __  __ _ \ \ \ \
( ( )\___ | '_ | '_| | '_ \/ _` | \ \ \ \
 \\/  ___)| |_)| | | | | || (_| |  ) ) ) )
  '  |____| .__|_| |_|_| |_\__, | / / / /
 =========|_|==============|___/=/_/_/_/
 :: Spring Boot ::                (v3.2.7)

2026-01-16T20:03:28.174Z  INFO 6824 --- [Backend] [    Test worker] U.Backend.BackendApplicationTests        : Starting BackendApplicationTests using Java 17.0.9 with PID 6824 (started by aoife in C:\Users\aoife\UniNest-Stellar\Backend)
2026-01-16T20:03:28.180Z  INFO 6824 --- [Backend] [    Test worker] U.Backend.BackendApplicationTests        : No active profile set, falling back to 1 default profile: "default"
 Firebase initialized successfully!
2026-01-16T20:03:32.140Z  INFO 6824 --- [Backend] [    Test worker] U.Backend.BackendApplicationTests        : Started BackendApplicationTests in 4.634 seconds (process running for 11.749)
]]></system-out>
  <system-err><![CDATA[]]></system-err>
</testsuite>
