# JRE version: OpenJDK Runtime Environment Temurin-21.0.8+9 (21.0.8+9) (build 21.0.8+9-LTS)
# Java VM: OpenJDK 64-Bit Server VM Temurin-21.0.8+9 (21.0.8+9-LTS, mixed mode, sharing, tiered, compressed oops, compressed class ptrs, parallel gc, windows-amd64)
GC Precious Log:
 CardTable entry size: 512
 CPUs: 16 total, 16 available
 Memory: 15693M
 Large Page Support: Disabled
 NUMA Support: Disabled
 Compressed Oops: Enabled (32-bit)
 Alignments: Space 512K, Generation 512K, Heap 2M
 Heap Min Capacity: 100M
 Heap Initial Capacity: 100M
 Heap Max Capacity: 2G
 Pre-touch: Disabled
 Parallel Workers: 13
Heap:
 PSYoungGen      total 9728K, used 4935K [0x00000000d5580000, 0x00000000d6200000, 0x0000000100000000)
  eden space 9216K, 48% used [0x00000000d5580000,0x00000000d59d3510,0x00000000d5e80000)
  from space 512K, 98% used [0x00000000d6180000,0x00000000d61fe900,0x00000000d6200000)
  to   space 1024K, 0% used [0x00000000d6000000,0x00000000d6000000,0x00000000d6100000)
 ParOldGen       total 173056K, used 172774K [0x0000000080000000, 0x000000008a900000, 0x00000000d5580000)
  object space 173056K, 99% used [0x0000000080000000,0x000000008a8b98d8,0x000000008a900000)
 Metaspace       used 71672K, committed 73152K, reserved 1114112K
  class space    used 7712K, committed 8320K, reserved 1048576K
GC Heap History (20 events):
Event: 113.539 GC heap before
{Heap before GC invocations=259 (full 3):
 PSYoungGen      total 10752K, used 10741K [0x00000000d5580000, 0x00000000d6780000, 0x0000000100000000)
  eden space 9216K, 100% used [0x00000000d5580000,0x00000000d5e80000,0x00000000d5e80000)
  from space 1536K, 99% used [0x00000000d5f00000,0x00000000d607d508,0x00000000d6080000)
  to   space 4608K, 0% used [0x00000000d6300000,0x00000000d6300000,0x00000000d6780000)
 ParOldGen       total 168448K, used 168134K [0x0000000080000000, 0x000000008a480000, 0x00000000d5580000)
  object space 168448K, 99% used [0x0000000080000000,0x000000008a431a10,0x000000008a480000)
 Metaspace       used 67730K, committed 69184K, reserved 1114112K
  class space    used 7325K, committed 7936K, reserved 1048576K
}
Event: 113.541 GC heap after
{Heap after GC invocations=259 (full 3):
 PSYoungGen      total 10240K, used 640K [0x00000000d5580000, 0x00000000d6400000, 0x0000000100000000)
  eden space 9216K, 0% used [0x00000000d5580000,0x00000000d5580000,0x00000000d5e80000)
  from space 1024K, 62% used [0x00000000d6300000,0x00000000d63a0020,0x00000000d6400000)
  to   space 2048K, 0% used [0x00000000d6000000,0x00000000d6000000,0x00000000d6200000)
 ParOldGen       total 169472K, used 169076K [0x0000000080000000, 0x000000008a580000, 0x00000000d5580000)
  object space 169472K, 99% used [0x0000000080000000,0x000000008a51d210,0x000000008a580000)
 Metaspace       used 67730K, committed 69184K, reserved 1114112K
  class space    used 7325K, committed 7936K, reserved 1048576K
}
Event: 113.785 GC heap before
{Heap before GC invocations=260 (full 3):
 PSYoungGen      total 10240K, used 9856K [0x00000000d5580000, 0x00000000d6400000, 0x0000000100000000)
  eden space 9216K, 100% used [0x00000000d5580000,0x00000000d5e80000,0x00000000d5e80000)
  from space 1024K, 62% used [0x00000000d6300000,0x00000000d63a0020,0x00000000d6400000)
  to   space 2048K, 0% used [0x00000000d6000000,0x00000000d6000000,0x00000000d6200000)
 ParOldGen       total 169472K, used 169076K [0x0000000080000000, 0x000000008a580000, 0x00000000d5580000)
  object space 169472K, 99% used [0x0000000080000000,0x000000008a51d210,0x000000008a580000)
 Metaspace       used 68136K, committed 69568K, reserved 1114112K
  class space    used 7363K, committed 8000K, reserved 1048576K
}
Event: 113.787 GC heap after
{Heap after GC invocations=260 (full 3):
 PSYoungGen      total 11264K, used 576K [0x00000000d5580000, 0x00000000d6380000, 0x0000000100000000)
  eden space 9216K, 0% used [0x00000000d5580000,0x00000000d5580000,0x00000000d5e80000)
  from space 2048K, 28% used [0x00000000d6000000,0x00000000d6090020,0x00000000d6200000)
  to   space 1024K, 0% used [0x00000000d6280000,0x00000000d6280000,0x00000000d6380000)
 ParOldGen       total 169472K, used 169452K [0x0000000080000000, 0x000000008a580000, 0x00000000d5580000)
  object space 169472K, 99% used [0x0000000080000000,0x000000008a57b230,0x000000008a580000)
 Metaspace       used 68136K, committed 69568K, reserved 1114112K
  class space    used 7363K, committed 8000K, reserved 1048576K
}
Event: 115.271 GC heap before
{Heap before GC invocations=261 (full 3):
 PSYoungGen      total 11264K, used 9792K [0x00000000d5580000, 0x00000000d6380000, 0x0000000100000000)
  eden space 9216K, 100% used [0x00000000d5580000,0x00000000d5e80000,0x00000000d5e80000)
  from space 2048K, 28% used [0x00000000d6000000,0x00000000d6090020,0x00000000d6200000)
  to   space 1024K, 0% used [0x00000000d6280000,0x00000000d6280000,0x00000000d6380000)
 ParOldGen       total 169472K, used 169452K [0x0000000080000000, 0x000000008a580000, 0x00000000d5580000)
  object space 169472K, 99% used [0x0000000080000000,0x000000008a57b230,0x000000008a580000)
 Metaspace       used 68534K, committed 69952K, reserved 1114112K
  class space    used 7425K, committed 8064K, reserved 1048576K
}
Event: 115.272 GC heap after
{Heap after GC invocations=261 (full 3):
 PSYoungGen      total 9728K, used 511K [0x00000000d5580000, 0x00000000d6300000, 0x0000000100000000)
  eden space 9216K, 0% used [0x00000000d5580000,0x00000000d5580000,0x00000000d5e80000)
  from space 512K, 99% used [0x00000000d6280000,0x00000000d62ffef8,0x00000000d6300000)
  to   space 1024K, 0% used [0x00000000d6100000,0x00000000d6100000,0x00000000d6200000)
 ParOldGen       total 169984K, used 169756K [0x0000000080000000, 0x000000008a600000, 0x00000000d5580000)
  object space 169984K, 99% used [0x0000000080000000,0x000000008a5c7250,0x000000008a600000)
 Metaspace       used 68534K, committed 69952K, reserved 1114112K
  class space    used 7425K, committed 8064K, reserved 1048576K
}
Event: 115.386 GC heap before
{Heap before GC invocations=262 (full 3):
 PSYoungGen      total 9728K, used 9706K [0x00000000d5580000, 0x00000000d6300000, 0x0000000100000000)
  eden space 9216K, 99% used [0x00000000d5580000,0x00000000d5e7aae8,0x00000000d5e80000)
  from space 512K, 99% used [0x00000000d6280000,0x00000000d62ffef8,0x00000000d6300000)
  to   space 1024K, 0% used [0x00000000d6100000,0x00000000d6100000,0x00000000d6200000)
 ParOldGen       total 169984K, used 169756K [0x0000000080000000, 0x000000008a600000, 0x00000000d5580000)
  object space 169984K, 99% used [0x0000000080000000,0x000000008a5c7250,0x000000008a600000)
 Metaspace       used 69307K, committed 70784K, reserved 1114112K
  class space    used 7493K, committed 8128K, reserved 1048576K
}
Event: 115.388 GC heap after
{Heap after GC invocations=262 (full 3):
 PSYoungGen      total 10240K, used 384K [0x00000000d5580000, 0x00000000d6300000, 0x0000000100000000)
  eden space 9216K, 0% used [0x00000000d5580000,0x00000000d5580000,0x00000000d5e80000)
  from space 1024K, 37% used [0x00000000d6100000,0x00000000d6160000,0x00000000d6200000)
  to   space 512K, 0% used [0x00000000d6280000,0x00000000d6280000,0x00000000d6300000)
 ParOldGen       total 169984K, used 169860K [0x0000000080000000, 0x000000008a600000, 0x00000000d5580000)
  object space 169984K, 99% used [0x0000000080000000,0x000000008a5e1250,0x000000008a600000)
 Metaspace       used 69307K, committed 70784K, reserved 1114112K
  class space    used 7493K, committed 8128K, reserved 1048576K
}
Event: 115.462 GC heap before
{Heap before GC invocations=263 (full 3):
 PSYoungGen      total 10240K, used 9600K [0x00000000d5580000, 0x00000000d6300000, 0x0000000100000000)
  eden space 9216K, 100% used [0x00000000d5580000,0x00000000d5e80000,0x00000000d5e80000)
  from space 1024K, 37% used [0x00000000d6100000,0x00000000d6160000,0x00000000d6200000)
  to   space 512K, 0% used [0x00000000d6280000,0x00000000d6280000,0x00000000d6300000)
 ParOldGen       total 169984K, used 169860K [0x0000000080000000, 0x000000008a600000, 0x00000000d5580000)
  object space 169984K, 99% used [0x0000000080000000,0x000000008a5e1250,0x000000008a600000)
 Metaspace       used 70376K, committed 71808K, reserved 1114112K
  class space    used 7587K, committed 8192K, reserved 1048576K
}
Event: 115.463 GC heap after
{Heap after GC invocations=263 (full 3):
 PSYoungGen      total 9728K, used 506K [0x00000000d5580000, 0x00000000d6300000, 0x0000000100000000)
  eden space 9216K, 0% used [0x00000000d5580000,0x00000000d5580000,0x00000000d5e80000)
  from space 512K, 98% used [0x00000000d6280000,0x00000000d62fe900,0x00000000d6300000)
  to   space 1024K, 0% used [0x00000000d6100000,0x00000000d6100000,0x00000000d6200000)
 ParOldGen       total 170496K, used 169988K [0x0000000080000000, 0x000000008a680000, 0x00000000d5580000)
  object space 170496K, 99% used [0x0000000080000000,0x000000008a601250,0x000000008a680000)
 Metaspace       used 70376K, committed 71808K, reserved 1114112K
  class space    used 7587K, committed 8192K, reserved 1048576K
}
Event: 115.503 GC heap before
{Heap before GC invocations=264 (full 3):
 PSYoungGen      total 9728K, used 9722K [0x00000000d5580000, 0x00000000d6300000, 0x0000000100000000)
  eden space 9216K, 100% used [0x00000000d5580000,0x00000000d5e80000,0x00000000d5e80000)
  from space 512K, 98% used [0x00000000d6280000,0x00000000d62fe900,0x00000000d6300000)
  to   space 1024K, 0% used [0x00000000d6100000,0x00000000d6100000,0x00000000d6200000)
 ParOldGen       total 170496K, used 169988K [0x0000000080000000, 0x000000008a680000, 0x00000000d5580000)
  object space 170496K, 99% used [0x0000000080000000,0x000000008a601250,0x000000008a680000)
 Metaspace       used 70582K, committed 72064K, reserved 1114112K
  class space    used 7601K, committed 8256K, reserved 1048576K
}
Event: 115.505 GC heap after
{Heap after GC invocations=264 (full 3):
 PSYoungGen      total 10240K, used 992K [0x00000000d5580000, 0x00000000d6300000, 0x0000000100000000)
  eden space 9216K, 0% used [0x00000000d5580000,0x00000000d5580000,0x00000000d5e80000)
  from space 1024K, 96% used [0x00000000d6100000,0x00000000d61f81a8,0x00000000d6200000)
  to   space 1024K, 0% used [0x00000000d6200000,0x00000000d6200000,0x00000000d6300000)
 ParOldGen       total 171008K, used 170721K [0x0000000080000000, 0x000000008a700000, 0x00000000d5580000)
  object space 171008K, 99% used [0x0000000080000000,0x000000008a6b84a0,0x000000008a700000)
 Metaspace       used 70582K, committed 72064K, reserved 1114112K
  class space    used 7601K, committed 8256K, reserved 1048576K
}
Event: 115.856 GC heap before
{Heap before GC invocations=265 (full 3):
 PSYoungGen      total 10240K, used 10208K [0x00000000d5580000, 0x00000000d6300000, 0x0000000100000000)
  eden space 9216K, 100% used [0x00000000d5580000,0x00000000d5e80000,0x00000000d5e80000)
  from space 1024K, 96% used [0x00000000d6100000,0x00000000d61f81a8,0x00000000d6200000)
  to   space 1024K, 0% used [0x00000000d6200000,0x00000000d6200000,0x00000000d6300000)
 ParOldGen       total 171008K, used 170721K [0x0000000080000000, 0x000000008a700000, 0x00000000d5580000)
  object space 171008K, 99% used [0x0000000080000000,0x000000008a6b84a0,0x000000008a700000)
 Metaspace       used 70873K, committed 72320K, reserved 1114112K
  class space    used 7623K, committed 8256K, reserved 1048576K
}
Event: 115.858 GC heap after
{Heap after GC invocations=265 (full 3):
 PSYoungGen      total 10240K, used 756K [0x00000000d5580000, 0x00000000d6300000, 0x0000000100000000)
  eden space 9216K, 0% used [0x00000000d5580000,0x00000000d5580000,0x00000000d5e80000)
  from space 1024K, 73% used [0x00000000d6200000,0x00000000d62bd200,0x00000000d6300000)
  to   space 1536K, 0% used [0x00000000d6000000,0x00000000d6000000,0x00000000d6180000)
 ParOldGen       total 172032K, used 171713K [0x0000000080000000, 0x000000008a800000, 0x00000000d5580000)
  object space 172032K, 99% used [0x0000000080000000,0x000000008a7b0658,0x000000008a800000)
 Metaspace       used 70873K, committed 72320K, reserved 1114112K
  class space    used 7623K, committed 8256K, reserved 1048576K
}
Event: 120.882 GC heap before
{Heap before GC invocations=266 (full 3):
 PSYoungGen      total 10240K, used 9972K [0x00000000d5580000, 0x00000000d6300000, 0x0000000100000000)
  eden space 9216K, 100% used [0x00000000d5580000,0x00000000d5e80000,0x00000000d5e80000)
  from space 1024K, 73% used [0x00000000d6200000,0x00000000d62bd200,0x00000000d6300000)
  to   space 1536K, 0% used [0x00000000d6000000,0x00000000d6000000,0x00000000d6180000)
 ParOldGen       total 172032K, used 171713K [0x0000000080000000, 0x000000008a800000, 0x00000000d5580000)
  object space 172032K, 99% used [0x0000000080000000,0x000000008a7b0658,0x000000008a800000)
 Metaspace       used 70951K, committed 72448K, reserved 1114112K
  class space    used 7624K, committed 8256K, reserved 1048576K
}
Event: 120.883 GC heap after
{Heap after GC invocations=266 (full 3):
 PSYoungGen      total 10752K, used 666K [0x00000000d5580000, 0x00000000d6280000, 0x0000000100000000)
  eden space 9216K, 0% used [0x00000000d5580000,0x00000000d5580000,0x00000000d5e80000)
  from space 1536K, 43% used [0x00000000d6000000,0x00000000d60a6900,0x00000000d6180000)
  to   space 1024K, 0% used [0x00000000d6180000,0x00000000d6180000,0x00000000d6280000)
 ParOldGen       total 172544K, used 172270K [0x0000000080000000, 0x000000008a880000, 0x00000000d5580000)
  object space 172544K, 99% used [0x0000000080000000,0x000000008a83b888,0x000000008a880000)
 Metaspace       used 70951K, committed 72448K, reserved 1114112K
  class space    used 7624K, committed 8256K, reserved 1048576K
}
Event: 121.064 GC heap before
{Heap before GC invocations=267 (full 3):
 PSYoungGen      total 10752K, used 9882K [0x00000000d5580000, 0x00000000d6280000, 0x0000000100000000)
  eden space 9216K, 100% used [0x00000000d5580000,0x00000000d5e80000,0x00000000d5e80000)
  from space 1536K, 43% used [0x00000000d6000000,0x00000000d60a6900,0x00000000d6180000)
  to   space 1024K, 0% used [0x00000000d6180000,0x00000000d6180000,0x00000000d6280000)
 ParOldGen       total 172544K, used 172270K [0x0000000080000000, 0x000000008a880000, 0x00000000d5580000)
  object space 172544K, 99% used [0x0000000080000000,0x000000008a83b888,0x000000008a880000)
 Metaspace       used 70999K, committed 72512K, reserved 1114112K
  class space    used 7624K, committed 8256K, reserved 1048576K
}
Event: 121.066 GC heap after
{Heap after GC invocations=267 (full 3):
 PSYoungGen      total 10240K, used 698K [0x00000000d5580000, 0x00000000d6280000, 0x0000000100000000)
  eden space 9216K, 0% used [0x00000000d5580000,0x00000000d5580000,0x00000000d5e80000)
  from space 1024K, 68% used [0x00000000d6180000,0x00000000d622e900,0x00000000d6280000)
  to   space 1024K, 0% used [0x00000000d6080000,0x00000000d6080000,0x00000000d6180000)
 ParOldGen       total 172544K, used 172494K [0x0000000080000000, 0x000000008a880000, 0x00000000d5580000)
  object space 172544K, 99% used [0x0000000080000000,0x000000008a8738a8,0x000000008a880000)
 Metaspace       used 70999K, committed 72512K, reserved 1114112K
  class space    used 7624K, committed 8256K, reserved 1048576K
}
Event: 122.345 GC heap before
{Heap before GC invocations=268 (full 3):
 PSYoungGen      total 10240K, used 9914K [0x00000000d5580000, 0x00000000d6280000, 0x0000000100000000)
  eden space 9216K, 100% used [0x00000000d5580000,0x00000000d5e80000,0x00000000d5e80000)
  from space 1024K, 68% used [0x00000000d6180000,0x00000000d622e900,0x00000000d6280000)
  to   space 1024K, 0% used [0x00000000d6080000,0x00000000d6080000,0x00000000d6180000)
 ParOldGen       total 172544K, used 172494K [0x0000000080000000, 0x000000008a880000, 0x00000000d5580000)
  object space 172544K, 99% used [0x0000000080000000,0x000000008a8738a8,0x000000008a880000)
 Metaspace       used 71168K, committed 72640K, reserved 1114112K
  class space    used 7632K, committed 8256K, reserved 1048576K
}
Event: 122.346 GC heap after
{Heap after GC invocations=268 (full 3):
 PSYoungGen      total 10240K, used 698K [0x00000000d5580000, 0x00000000d6200000, 0x0000000100000000)
  eden space 9216K, 0% used [0x00000000d5580000,0x00000000d5580000,0x00000000d5e80000)
  from space 1024K, 68% used [0x00000000d6080000,0x00000000d612e900,0x00000000d6180000)
  to   space 512K, 0% used [0x00000000d6180000,0x00000000d6180000,0x00000000d6200000)
 ParOldGen       total 173056K, used 172550K [0x0000000080000000, 0x000000008a900000, 0x00000000d5580000)
  object space 173056K, 99% used [0x0000000080000000,0x000000008a8818a8,0x000000008a900000)
 Metaspace       used 71168K, committed 72640K, reserved 1114112K
  class space    used 7632K, committed 8256K, reserved 1048576K
}

