# JRE version: OpenJDK Runtime Environment Temurin-21.0.8+9 (21.0.8+9) (build 21.0.8+9-LTS)
# Java VM: OpenJDK 64-Bit Server VM Temurin-21.0.8+9 (21.0.8+9-LTS, mixed mode, sharing, tiered, compressed oops, compressed class ptrs, parallel gc, windows-amd64)
GC Precious Log:
 CardTable entry size: 512
 CPUs: 16 total, 16 available
 Memory: 15693M
 Large Page Support: Disabled
 NUMA Support: Disabled
 Compressed Oops: Enabled (32-bit)
 Alignments: Space 512K, Generation 512K, Heap 2M
 Heap Min Capacity: 100M
 Heap Initial Capacity: 100M
 Heap Max Capacity: 2G
 Pre-touch: Disabled
 Parallel Workers: 13
Heap:
 PSYoungGen      total 17408K, used 7903K [0x00000000d5580000, 0x00000000d6d00000, 0x0000000100000000)
  eden space 16384K, 43% used [0x00000000d5580000,0x00000000d5c65b40,0x00000000d6580000)
  from space 1024K, 82% used [0x00000000d6c00000,0x00000000d6cd2460,0x00000000d6d00000)
  to   space 3072K, 0% used [0x00000000d6700000,0x00000000d6700000,0x00000000d6a00000)
 ParOldGen       total 90112K, used 62965K [0x0000000080000000, 0x0000000085800000, 0x00000000d5580000)
  object space 90112K, 69% used [0x0000000080000000,0x0000000083d7d628,0x0000000085800000)
 Metaspace       used 75891K, committed 77440K, reserved 1179648K
  class space    used 9390K, committed 10112K, reserved 1048576K
GC Heap History (20 events):
Event: 75.446 GC heap before
{Heap before GC invocations=58 (full 3):
 PSYoungGen      total 16896K, used 16800K [0x00000000d5580000, 0x00000000d6c80000, 0x0000000100000000)
  eden space 16384K, 100% used [0x00000000d5580000,0x00000000d6580000,0x00000000d6580000)
  from space 512K, 81% used [0x00000000d6c00000,0x00000000d6c68000,0x00000000d6c80000)
  to   space 1024K, 0% used [0x00000000d6a80000,0x00000000d6a80000,0x00000000d6b80000)
 ParOldGen       total 90112K, used 55276K [0x0000000080000000, 0x0000000085800000, 0x00000000d5580000)
  object space 90112K, 61% used [0x0000000080000000,0x00000000835fb248,0x0000000085800000)
 Metaspace       used 67696K, committed 69056K, reserved 1114112K
  class space    used 8330K, committed 8896K, reserved 1048576K
}
Event: 75.447 GC heap after
{Heap after GC invocations=58 (full 3):
 PSYoungGen      total 17408K, used 1014K [0x00000000d5580000, 0x00000000d6c80000, 0x0000000100000000)
  eden space 16384K, 0% used [0x00000000d5580000,0x00000000d5580000,0x00000000d6580000)
  from space 1024K, 99% used [0x00000000d6a80000,0x00000000d6b7daa0,0x00000000d6b80000)
  to   space 1024K, 0% used [0x00000000d6b80000,0x00000000d6b80000,0x00000000d6c80000)
 ParOldGen       total 90112K, used 55667K [0x0000000080000000, 0x0000000085800000, 0x00000000d5580000)
  object space 90112K, 61% used [0x0000000080000000,0x000000008365ce88,0x0000000085800000)
 Metaspace       used 67696K, committed 69056K, reserved 1114112K
  class space    used 8330K, committed 8896K, reserved 1048576K
}
Event: 75.525 GC heap before
{Heap before GC invocations=59 (full 3):
 PSYoungGen      total 17408K, used 17398K [0x00000000d5580000, 0x00000000d6c80000, 0x0000000100000000)
  eden space 16384K, 100% used [0x00000000d5580000,0x00000000d6580000,0x00000000d6580000)
  from space 1024K, 99% used [0x00000000d6a80000,0x00000000d6b7daa0,0x00000000d6b80000)
  to   space 1024K, 0% used [0x00000000d6b80000,0x00000000d6b80000,0x00000000d6c80000)
 ParOldGen       total 90112K, used 55667K [0x0000000080000000, 0x0000000085800000, 0x00000000d5580000)
  object space 90112K, 61% used [0x0000000080000000,0x000000008365ce88,0x0000000085800000)
 Metaspace       used 67696K, committed 69056K, reserved 1114112K
  class space    used 8330K, committed 8896K, reserved 1048576K
}
Event: 75.526 GC heap after
{Heap after GC invocations=59 (full 3):
 PSYoungGen      total 17408K, used 994K [0x00000000d5580000, 0x00000000d6c80000, 0x0000000100000000)
  eden space 16384K, 0% used [0x00000000d5580000,0x00000000d5580000,0x00000000d6580000)
  from space 1024K, 97% used [0x00000000d6b80000,0x00000000d6c78820,0x00000000d6c80000)
  to   space 1536K, 0% used [0x00000000d6980000,0x00000000d6980000,0x00000000d6b00000)
 ParOldGen       total 90112K, used 55755K [0x0000000080000000, 0x0000000085800000, 0x00000000d5580000)
  object space 90112K, 61% used [0x0000000080000000,0x0000000083672e88,0x0000000085800000)
 Metaspace       used 67696K, committed 69056K, reserved 1114112K
  class space    used 8330K, committed 8896K, reserved 1048576K
}
Event: 75.609 GC heap before
{Heap before GC invocations=60 (full 3):
 PSYoungGen      total 17408K, used 17378K [0x00000000d5580000, 0x00000000d6c80000, 0x0000000100000000)
  eden space 16384K, 100% used [0x00000000d5580000,0x00000000d6580000,0x00000000d6580000)
  from space 1024K, 97% used [0x00000000d6b80000,0x00000000d6c78820,0x00000000d6c80000)
  to   space 1536K, 0% used [0x00000000d6980000,0x00000000d6980000,0x00000000d6b00000)
 ParOldGen       total 90112K, used 55755K [0x0000000080000000, 0x0000000085800000, 0x00000000d5580000)
  object space 90112K, 61% used [0x0000000080000000,0x0000000083672e88,0x0000000085800000)
 Metaspace       used 67696K, committed 69056K, reserved 1114112K
  class space    used 8330K, committed 8896K, reserved 1048576K
}
Event: 75.610 GC heap after
{Heap after GC invocations=60 (full 3):
 PSYoungGen      total 17920K, used 288K [0x00000000d5580000, 0x00000000d6c00000, 0x0000000100000000)
  eden space 16384K, 0% used [0x00000000d5580000,0x00000000d5580000,0x00000000d6580000)
  from space 1536K, 18% used [0x00000000d6980000,0x00000000d69c8000,0x00000000d6b00000)
  to   space 1024K, 0% used [0x00000000d6b00000,0x00000000d6b00000,0x00000000d6c00000)
 ParOldGen       total 90112K, used 55827K [0x0000000080000000, 0x0000000085800000, 0x00000000d5580000)
  object space 90112K, 61% used [0x0000000080000000,0x0000000083684e88,0x0000000085800000)
 Metaspace       used 67696K, committed 69056K, reserved 1114112K
  class space    used 8330K, committed 8896K, reserved 1048576K
}
Event: 75.697 GC heap before
{Heap before GC invocations=61 (full 3):
 PSYoungGen      total 17920K, used 16672K [0x00000000d5580000, 0x00000000d6c00000, 0x0000000100000000)
  eden space 16384K, 100% used [0x00000000d5580000,0x00000000d6580000,0x00000000d6580000)
  from space 1536K, 18% used [0x00000000d6980000,0x00000000d69c8000,0x00000000d6b00000)
  to   space 1024K, 0% used [0x00000000d6b00000,0x00000000d6b00000,0x00000000d6c00000)
 ParOldGen       total 90112K, used 55827K [0x0000000080000000, 0x0000000085800000, 0x00000000d5580000)
  object space 90112K, 61% used [0x0000000080000000,0x0000000083684e88,0x0000000085800000)
 Metaspace       used 67696K, committed 69056K, reserved 1114112K
  class space    used 8330K, committed 8896K, reserved 1048576K
}
Event: 75.698 GC heap after
{Heap after GC invocations=61 (full 3):
 PSYoungGen      total 17408K, used 1020K [0x00000000d5580000, 0x00000000d6c00000, 0x0000000100000000)
  eden space 16384K, 0% used [0x00000000d5580000,0x00000000d5580000,0x00000000d6580000)
  from space 1024K, 99% used [0x00000000d6b00000,0x00000000d6bff338,0x00000000d6c00000)
  to   space 1536K, 0% used [0x00000000d6900000,0x00000000d6900000,0x00000000d6a80000)
 ParOldGen       total 90112K, used 56025K [0x0000000080000000, 0x0000000085800000, 0x00000000d5580000)
  object space 90112K, 62% used [0x0000000080000000,0x00000000836b6618,0x0000000085800000)
 Metaspace       used 67696K, committed 69056K, reserved 1114112K
  class space    used 8330K, committed 8896K, reserved 1048576K
}
Event: 75.767 GC heap before
{Heap before GC invocations=62 (full 3):
 PSYoungGen      total 17408K, used 17404K [0x00000000d5580000, 0x00000000d6c00000, 0x0000000100000000)
  eden space 16384K, 100% used [0x00000000d5580000,0x00000000d6580000,0x00000000d6580000)
  from space 1024K, 99% used [0x00000000d6b00000,0x00000000d6bff338,0x00000000d6c00000)
  to   space 1536K, 0% used [0x00000000d6900000,0x00000000d6900000,0x00000000d6a80000)
 ParOldGen       total 90112K, used 56025K [0x0000000080000000, 0x0000000085800000, 0x00000000d5580000)
  object space 90112K, 62% used [0x0000000080000000,0x00000000836b6618,0x0000000085800000)
 Metaspace       used 67696K, committed 69056K, reserved 1114112K
  class space    used 8330K, committed 8896K, reserved 1048576K
}
Event: 75.769 GC heap after
{Heap after GC invocations=62 (full 3):
 PSYoungGen      total 17920K, used 1298K [0x00000000d5580000, 0x00000000d6b80000, 0x0000000100000000)
  eden space 16384K, 0% used [0x00000000d5580000,0x00000000d5580000,0x00000000d6580000)
  from space 1536K, 84% used [0x00000000d6900000,0x00000000d6a449c0,0x00000000d6a80000)
  to   space 1024K, 0% used [0x00000000d6a80000,0x00000000d6a80000,0x00000000d6b80000)
 ParOldGen       total 90112K, used 56121K [0x0000000080000000, 0x0000000085800000, 0x00000000d5580000)
  object space 90112K, 62% used [0x0000000080000000,0x00000000836ce628,0x0000000085800000)
 Metaspace       used 67696K, committed 69056K, reserved 1114112K
  class space    used 8330K, committed 8896K, reserved 1048576K
}
Event: 75.991 GC heap before
{Heap before GC invocations=63 (full 3):
 PSYoungGen      total 17920K, used 17682K [0x00000000d5580000, 0x00000000d6b80000, 0x0000000100000000)
  eden space 16384K, 100% used [0x00000000d5580000,0x00000000d6580000,0x00000000d6580000)
  from space 1536K, 84% used [0x00000000d6900000,0x00000000d6a449c0,0x00000000d6a80000)
  to   space 1024K, 0% used [0x00000000d6a80000,0x00000000d6a80000,0x00000000d6b80000)
 ParOldGen       total 90112K, used 56121K [0x0000000080000000, 0x0000000085800000, 0x00000000d5580000)
  object space 90112K, 62% used [0x0000000080000000,0x00000000836ce628,0x0000000085800000)
 Metaspace       used 68410K, committed 69888K, reserved 1114112K
  class space    used 8422K, committed 9088K, reserved 1048576K
}
Event: 75.992 GC heap after
{Heap after GC invocations=63 (full 3):
 PSYoungGen      total 16896K, used 416K [0x00000000d5580000, 0x00000000d6b00000, 0x0000000100000000)
  eden space 16384K, 0% used [0x00000000d5580000,0x00000000d5580000,0x00000000d6580000)
  from space 512K, 81% used [0x00000000d6a80000,0x00000000d6ae8000,0x00000000d6b00000)
  to   space 1024K, 0% used [0x00000000d6900000,0x00000000d6900000,0x00000000d6a00000)
 ParOldGen       total 90112K, used 56193K [0x0000000080000000, 0x0000000085800000, 0x00000000d5580000)
  object space 90112K, 62% used [0x0000000080000000,0x00000000836e0628,0x0000000085800000)
 Metaspace       used 68410K, committed 69888K, reserved 1114112K
  class space    used 8422K, committed 9088K, reserved 1048576K
}
Event: 76.330 GC heap before
{Heap before GC invocations=64 (full 3):
 PSYoungGen      total 16896K, used 16800K [0x00000000d5580000, 0x00000000d6b00000, 0x0000000100000000)
  eden space 16384K, 100% used [0x00000000d5580000,0x00000000d6580000,0x00000000d6580000)
  from space 512K, 81% used [0x00000000d6a80000,0x00000000d6ae8000,0x00000000d6b00000)
  to   space 1024K, 0% used [0x00000000d6900000,0x00000000d6900000,0x00000000d6a00000)
 ParOldGen       total 90112K, used 56193K [0x0000000080000000, 0x0000000085800000, 0x00000000d5580000)
  object space 90112K, 62% used [0x0000000080000000,0x00000000836e0628,0x0000000085800000)
 Metaspace       used 70167K, committed 71616K, reserved 1114112K
  class space    used 8703K, committed 9344K, reserved 1048576K
}
Event: 76.331 GC heap after
{Heap after GC invocations=64 (full 3):
 PSYoungGen      total 17408K, used 672K [0x00000000d5580000, 0x00000000d6b00000, 0x0000000100000000)
  eden space 16384K, 0% used [0x00000000d5580000,0x00000000d5580000,0x00000000d6580000)
  from space 1024K, 65% used [0x00000000d6900000,0x00000000d69a8010,0x00000000d6a00000)
  to   space 1024K, 0% used [0x00000000d6a00000,0x00000000d6a00000,0x00000000d6b00000)
 ParOldGen       total 90112K, used 56457K [0x0000000080000000, 0x0000000085800000, 0x00000000d5580000)
  object space 90112K, 62% used [0x0000000080000000,0x0000000083722648,0x0000000085800000)
 Metaspace       used 70167K, committed 71616K, reserved 1114112K
  class space    used 8703K, committed 9344K, reserved 1048576K
}
Event: 89.564 GC heap before
{Heap before GC invocations=65 (full 3):
 PSYoungGen      total 17408K, used 17056K [0x00000000d5580000, 0x00000000d6b00000, 0x0000000100000000)
  eden space 16384K, 100% used [0x00000000d5580000,0x00000000d6580000,0x00000000d6580000)
  from space 1024K, 65% used [0x00000000d6900000,0x00000000d69a8010,0x00000000d6a00000)
  to   space 1024K, 0% used [0x00000000d6a00000,0x00000000d6a00000,0x00000000d6b00000)
 ParOldGen       total 90112K, used 56457K [0x0000000080000000, 0x0000000085800000, 0x00000000d5580000)
  object space 90112K, 62% used [0x0000000080000000,0x0000000083722648,0x0000000085800000)
 Metaspace       used 71669K, committed 73088K, reserved 1114112K
  class space    used 8905K, committed 9536K, reserved 1048576K
}
Event: 89.565 GC heap after
{Heap after GC invocations=65 (full 3):
 PSYoungGen      total 17408K, used 1005K [0x00000000d5580000, 0x00000000d6b00000, 0x0000000100000000)
  eden space 16384K, 0% used [0x00000000d5580000,0x00000000d5580000,0x00000000d6580000)
  from space 1024K, 98% used [0x00000000d6a00000,0x00000000d6afb510,0x00000000d6b00000)
  to   space 2560K, 0% used [0x00000000d6600000,0x00000000d6600000,0x00000000d6880000)
 ParOldGen       total 90112K, used 57349K [0x0000000080000000, 0x0000000085800000, 0x00000000d5580000)
  object space 90112K, 63% used [0x0000000080000000,0x0000000083801668,0x0000000085800000)
 Metaspace       used 71669K, committed 73088K, reserved 1114112K
  class space    used 8905K, committed 9536K, reserved 1048576K
}
Event: 90.106 GC heap before
{Heap before GC invocations=66 (full 3):
 PSYoungGen      total 17408K, used 17389K [0x00000000d5580000, 0x00000000d6b00000, 0x0000000100000000)
  eden space 16384K, 100% used [0x00000000d5580000,0x00000000d6580000,0x00000000d6580000)
  from space 1024K, 98% used [0x00000000d6a00000,0x00000000d6afb510,0x00000000d6b00000)
  to   space 2560K, 0% used [0x00000000d6600000,0x00000000d6600000,0x00000000d6880000)
 ParOldGen       total 90112K, used 57349K [0x0000000080000000, 0x0000000085800000, 0x00000000d5580000)
  object space 90112K, 63% used [0x0000000080000000,0x0000000083801668,0x0000000085800000)
 Metaspace       used 72858K, committed 74368K, reserved 1114112K
  class space    used 9020K, committed 9664K, reserved 1048576K
}
Event: 90.108 GC heap after
{Heap after GC invocations=66 (full 3):
 PSYoungGen      total 18944K, used 2553K [0x00000000d5580000, 0x00000000d7280000, 0x0000000100000000)
  eden space 16384K, 0% used [0x00000000d5580000,0x00000000d5580000,0x00000000d6580000)
  from space 2560K, 99% used [0x00000000d6600000,0x00000000d687e7e8,0x00000000d6880000)
  to   space 6656K, 0% used [0x00000000d6c00000,0x00000000d6c00000,0x00000000d7280000)
 ParOldGen       total 90112K, used 60460K [0x0000000080000000, 0x0000000085800000, 0x00000000d5580000)
  object space 90112K, 67% used [0x0000000080000000,0x0000000083b0b190,0x0000000085800000)
 Metaspace       used 72858K, committed 74368K, reserved 1114112K
  class space    used 9020K, committed 9664K, reserved 1048576K
}
Event: 90.499 GC heap before
{Heap before GC invocations=67 (full 3):
 PSYoungGen      total 18944K, used 18937K [0x00000000d5580000, 0x00000000d7280000, 0x0000000100000000)
  eden space 16384K, 100% used [0x00000000d5580000,0x00000000d6580000,0x00000000d6580000)
  from space 2560K, 99% used [0x00000000d6600000,0x00000000d687e7e8,0x00000000d6880000)
  to   space 6656K, 0% used [0x00000000d6c00000,0x00000000d6c00000,0x00000000d7280000)
 ParOldGen       total 90112K, used 60460K [0x0000000080000000, 0x0000000085800000, 0x00000000d5580000)
  object space 90112K, 67% used [0x0000000080000000,0x0000000083b0b190,0x0000000085800000)
 Metaspace       used 75265K, committed 76800K, reserved 1179648K
  class space    used 9325K, committed 10048K, reserved 1048576K
}
Event: 90.502 GC heap after
{Heap after GC invocations=67 (full 3):
 PSYoungGen      total 17408K, used 841K [0x00000000d5580000, 0x00000000d6d00000, 0x0000000100000000)
  eden space 16384K, 0% used [0x00000000d5580000,0x00000000d5580000,0x00000000d6580000)
  from space 1024K, 82% used [0x00000000d6c00000,0x00000000d6cd2460,0x00000000d6d00000)
  to   space 3072K, 0% used [0x00000000d6700000,0x00000000d6700000,0x00000000d6a00000)
 ParOldGen       total 90112K, used 62965K [0x0000000080000000, 0x0000000085800000, 0x00000000d5580000)
  object space 90112K, 69% used [0x0000000080000000,0x0000000083d7d628,0x0000000085800000)
 Metaspace       used 75265K, committed 76800K, reserved 1179648K
  class space    used 9325K, committed 10048K, reserved 1048576K
}

